2025-03-03 18:16:24,498 - INFO - Организм возрастом 0 поел. Энергия: 70
2025-03-03 18:16:24,498 - INFO - Возраст: 1, Здоровье: 95, Энергия: 60, Репродуктивный: False, Живой: True
2025-03-03 18:16:25,220 - INFO - Организм возрастом 0 поел. Энергия: 70
2025-03-03 18:16:25,220 - INFO - Возраст: 1, Здоровье: 95, Энергия: 60, Репродуктивный: False, Живой: True
2025-03-03 18:16:25,346 - INFO - Организм возрастом 1 поел. Энергия: 80
2025-03-03 18:16:25,346 - INFO - Возраст: 2, Здоровье: 90, Энергия: 70, Репродуктивный: False, Живой: True
2025-03-03 18:16:25,505 - INFO - Организм возрастом 0 поел. Энергия: 70
2025-03-03 18:16:25,505 - INFO - Возраст: 1, Здоровье: 95, Энергия: 60, Репродуктивный: False, Живой: True
2025-03-03 18:16:25,678 - INFO - Организм возрастом 0 поел. Энергия: 70
2025-03-03 18:16:25,678 - INFO - Возраст: 1, Здоровье: 95, Энергия: 60, Репродуктивный: False, Живой: True
2025-03-03 18:16:25,694 - INFO - Организм возрастом 0 поел. Энергия: 70
2025-03-03 18:16:25,694 - INFO - Возраст: 1, Здоровье: 95, Энергия: 60, Репродуктивный: False, Живой: True
2025-03-03 18:16:26,313 - INFO - Организм возрастом 1 поел. Энергия: 80
2025-03-03 18:16:26,313 - INFO - Возраст: 2, Здоровье: 90, Энергия: 70, Репродуктивный: False, Живой: True
2025-03-03 18:16:26,564 - INFO - Организм возрастом 1 поел. Энергия: 80
2025-03-03 18:16:26,564 - INFO - Возраст: 2, Здоровье: 90, Энергия: 70, Репродуктивный: False, Живой: True
2025-03-03 18:16:27,245 - INFO - Организм возрастом 2 поел. Энергия: 90
2025-03-03 18:16:27,245 - INFO - Возраст: 3, Здоровье: 85, Энергия: 80, Репродуктивный: False, Живой: True
2025-03-03 18:16:27,292 - INFO - Организм возрастом 2 поел. Энергия: 90
2025-03-03 18:16:27,292 - INFO - Возраст: 3, Здоровье: 85, Энергия: 80, Репродуктивный: False, Живой: True
2025-03-03 18:16:27,387 - INFO - Организм возрастом 1 поел. Энергия: 80
2025-03-03 18:16:27,387 - INFO - Возраст: 2, Здоровье: 90, Энергия: 70, Репродуктивный: False, Живой: True
2025-03-03 18:16:27,451 - INFO - Организм возрастом 1 поел. Энергия: 80
2025-03-03 18:16:27,451 - INFO - Возраст: 2, Здоровье: 90, Энергия: 70, Репродуктивный: False, Живой: True
2025-03-03 18:16:27,831 - INFO - Организм возрастом 2 поел. Энергия: 90
2025-03-03 18:16:27,831 - INFO - Возраст: 3, Здоровье: 85, Энергия: 80, Репродуктивный: False, Живой: True
2025-03-03 18:16:28,023 - INFO - Организм возрастом 2 поел. Энергия: 90
2025-03-03 18:16:28,023 - INFO - Возраст: 3, Здоровье: 85, Энергия: 80, Репродуктивный: False, Живой: True
2025-03-03 18:16:28,055 - INFO - Организм возрастом 2 поел. Энергия: 90
2025-03-03 18:16:28,055 - INFO - Возраст: 3, Здоровье: 85, Энергия: 80, Репродуктивный: False, Живой: True
2025-03-03 18:16:28,135 - INFO - Организм возрастом 3 поел. Энергия: 100
2025-03-03 18:16:28,135 - INFO - Возраст: 4, Здоровье: 80, Энергия: 90, Репродуктивный: False, Живой: True
2025-03-03 18:16:28,801 - INFO - Организм возрастом 3 поел. Энергия: 100
2025-03-03 18:16:28,801 - INFO - Возраст: 4, Здоровье: 80, Энергия: 90, Репродуктивный: False, Живой: True
2025-03-03 18:16:29,308 - INFO - Организм возрастом 3 поел. Энергия: 100
2025-03-03 18:16:29,308 - INFO - Возраст: 4, Здоровье: 80, Энергия: 90, Репродуктивный: False, Живой: True
2025-03-03 18:16:29,755 - INFO - Организм возрастом 4 поел. Энергия: 110
2025-03-03 18:16:29,755 - INFO - Возраст: 5, Здоровье: 75, Энергия: 100, Репродуктивный: False, Живой: True
2025-03-03 18:16:29,817 - INFO - Организм возрастом 3 поел. Энергия: 100
2025-03-03 18:16:29,817 - INFO - Возраст: 4, Здоровье: 80, Энергия: 90, Репродуктивный: False, Живой: True
2025-03-03 18:16:30,005 - INFO - Организм возрастом 3 поел. Энергия: 100
2025-03-03 18:16:30,006 - INFO - Возраст: 4, Здоровье: 80, Энергия: 90, Репродуктивный: False, Живой: True
2025-03-03 18:16:30,116 - INFO - Организм возрастом 4 поел. Энергия: 110
2025-03-03 18:16:30,116 - INFO - Возраст: 5, Здоровье: 75, Энергия: 100, Репродуктивный: False, Живой: True
2025-03-03 18:16:30,763 - INFO - Организм возрастом 5 уже полный.
2025-03-03 18:16:30,763 - INFO - Организм возрастом 6 размножается.
2025-03-03 18:16:30,763 - INFO - Возраст: 6, Здоровье: 70, Энергия: 90, Репродуктивный: True, Живой: True
2025-03-03 18:16:31,061 - INFO - Организм возрастом 5 уже полный.
2025-03-03 18:16:31,061 - INFO - Организм возрастом 6 размножается.
2025-03-03 18:16:31,061 - INFO - Возраст: 6, Здоровье: 70, Энергия: 90, Репродуктивный: True, Живой: True
2025-03-03 18:16:31,061 - INFO - Организм возрастом 4 поел. Энергия: 110
2025-03-03 18:16:31,061 - INFO - Возраст: 5, Здоровье: 75, Энергия: 100, Репродуктивный: False, Живой: True
2025-03-03 18:16:31,331 - INFO - Организм возрастом 4 поел. Энергия: 110
2025-03-03 18:16:31,331 - INFO - Возраст: 5, Здоровье: 75, Энергия: 100, Репродуктивный: False, Живой: True
2025-03-03 18:16:31,742 - INFO - Организм возрастом 4 поел. Энергия: 110
2025-03-03 18:16:31,742 - INFO - Возраст: 5, Здоровье: 75, Энергия: 100, Репродуктивный: False, Живой: True
2025-03-03 18:16:32,360 - INFO - Организм возрастом 5 уже полный.
2025-03-03 18:16:32,360 - INFO - Организм возрастом 6 размножается.
2025-03-03 18:16:32,360 - INFO - Возраст: 6, Здоровье: 70, Энергия: 90, Репродуктивный: True, Живой: True
2025-03-03 18:16:32,392 - INFO - Организм возрастом 5 уже полный.
2025-03-03 18:16:32,392 - INFO - Организм возрастом 6 размножается.
2025-03-03 18:16:32,392 - INFO - Возраст: 6, Здоровье: 70, Энергия: 90, Репродуктивный: True, Живой: True
2025-03-03 18:16:32,487 - INFO - Организм возрастом 6 поел. Энергия: 110
2025-03-03 18:16:32,487 - INFO - Организм возрастом 7 размножается.
2025-03-03 18:16:32,487 - INFO - Возраст: 7, Здоровье: 65, Энергия: 100, Репродуктивный: True, Живой: True
2025-03-03 18:16:32,753 - INFO - Организм возрастом 5 уже полный.
2025-03-03 18:16:32,753 - INFO - Организм возрастом 6 размножается.
2025-03-03 18:16:32,753 - INFO - Возраст: 6, Здоровье: 70, Энергия: 90, Репродуктивный: True, Живой: True
2025-03-03 18:16:32,992 - INFO - Организм возрастом 6 поел. Энергия: 110
2025-03-03 18:16:32,992 - INFO - Организм возрастом 7 размножается.
2025-03-03 18:16:32,992 - INFO - Возраст: 7, Здоровье: 65, Энергия: 100, Репродуктивный: True, Живой: True
2025-03-03 18:16:33,007 - INFO - Организм возрастом 6 поел. Энергия: 110
2025-03-03 18:16:33,007 - INFO - Организм возрастом 7 размножается.
2025-03-03 18:16:33,007 - INFO - Возраст: 7, Здоровье: 65, Энергия: 100, Репродуктивный: True, Живой: True
2025-03-03 18:16:33,814 - INFO - Организм возрастом 7 уже полный.
2025-03-03 18:16:33,814 - INFO - Организм возрастом 8 размножается.
2025-03-03 18:16:33,814 - INFO - Возраст: 8, Здоровье: 60, Энергия: 90, Репродуктивный: True, Живой: True
2025-03-03 18:16:34,350 - INFO - Организм возрастом 6 поел. Энергия: 110
2025-03-03 18:16:34,350 - INFO - Организм возрастом 7 размножается.
2025-03-03 18:16:34,350 - INFO - Возраст: 7, Здоровье: 65, Энергия: 100, Репродуктивный: True, Живой: True
2025-03-03 18:16:34,524 - INFO - Организм возрастом 6 поел. Энергия: 110
2025-03-03 18:16:34,524 - INFO - Организм возрастом 7 размножается.
2025-03-03 18:16:34,524 - INFO - Возраст: 7, Здоровье: 65, Энергия: 100, Репродуктивный: True, Живой: True
2025-03-03 18:16:34,886 - INFO - Организм возрастом 7 уже полный.
2025-03-03 18:16:34,886 - INFO - Организм возрастом 8 размножается.
2025-03-03 18:16:34,886 - INFO - Возраст: 8, Здоровье: 60, Энергия: 90, Репродуктивный: True, Живой: True
2025-03-03 18:16:34,997 - INFO - Организм возрастом 7 уже полный.
2025-03-03 18:16:34,997 - INFO - Организм возрастом 8 размножается.
2025-03-03 18:16:34,997 - INFO - Возраст: 8, Здоровье: 60, Энергия: 90, Репродуктивный: True, Живой: True
2025-03-03 18:16:35,646 - INFO - Организм возрастом 8 поел. Энергия: 110
2025-03-03 18:16:35,646 - INFO - Организм возрастом 9 размножается.
2025-03-03 18:16:35,646 - INFO - Возраст: 9, Здоровье: 55, Энергия: 100, Репродуктивный: True, Живой: True
2025-03-03 18:16:35,661 - INFO - Организм возрастом 7 уже полный.
2025-03-03 18:16:35,661 - INFO - Организм возрастом 8 размножается.
2025-03-03 18:16:35,661 - INFO - Возраст: 8, Здоровье: 60, Энергия: 90, Репродуктивный: True, Живой: True
2025-03-03 18:16:35,725 - INFO - Организм возрастом 8 поел. Энергия: 110
2025-03-03 18:16:35,725 - INFO - Организм возрастом 9 размножается.
2025-03-03 18:16:35,725 - INFO - Возраст: 9, Здоровье: 55, Энергия: 100, Репродуктивный: True, Живой: True
2025-03-03 18:16:35,853 - INFO - Организм возрастом 7 уже полный.
2025-03-03 18:16:35,853 - INFO - Организм возрастом 8 размножается.
2025-03-03 18:16:35,853 - INFO - Возраст: 8, Здоровье: 60, Энергия: 90, Репродуктивный: True, Живой: True
2025-03-03 18:16:36,280 - INFO - Организм возрастом 9 уже полный.
2025-03-03 18:16:36,280 - INFO - Возраст: 10, Здоровье: 50, Энергия: 90, Репродуктивный: True, Живой: True
2025-03-03 18:16:36,788 - INFO - Организм возрастом 8 поел. Энергия: 110
2025-03-03 18:16:36,788 - INFO - Организм возрастом 9 размножается.
2025-03-03 18:16:36,788 - INFO - Возраст: 9, Здоровье: 55, Энергия: 100, Репродуктивный: True, Живой: True
2025-03-03 18:16:36,916 - INFO - Организм возрастом 8 поел. Энергия: 110
2025-03-03 18:16:36,916 - INFO - Организм возрастом 9 размножается.
2025-03-03 18:16:36,916 - INFO - Возраст: 9, Здоровье: 55, Энергия: 100, Репродуктивный: True, Живой: True
2025-03-03 18:16:37,183 - INFO - Организм возрастом 9 уже полный.
2025-03-03 18:16:37,183 - INFO - Возраст: 10, Здоровье: 50, Энергия: 90, Репродуктивный: True, Живой: True
2025-03-03 18:16:37,294 - INFO - Организм возрастом 8 поел. Энергия: 110
2025-03-03 18:16:37,294 - INFO - Организм возрастом 9 размножается.
2025-03-03 18:16:37,294 - INFO - Возраст: 9, Здоровье: 55, Энергия: 100, Репродуктивный: True, Живой: True
2025-03-03 18:16:37,436 - INFO - Организм возрастом 9 уже полный.
2025-03-03 18:16:37,436 - INFO - Возраст: 10, Здоровье: 50, Энергия: 90, Репродуктивный: True, Живой: True
2025-03-03 18:16:37,561 - INFO - Организм возрастом 10 поел. Энергия: 110
2025-03-03 18:16:37,561 - INFO - Возраст: 11, Здоровье: 45, Энергия: 100, Репродуктивный: True, Живой: True
2025-03-03 18:16:37,894 - INFO - Организм возрастом 9 уже полный.
2025-03-03 18:16:37,894 - INFO - Возраст: 10, Здоровье: 50, Энергия: 90, Репродуктивный: True, Живой: True
2025-03-03 18:16:38,118 - INFO - Организм возрастом 9 уже полный.
2025-03-03 18:16:38,118 - INFO - Возраст: 10, Здоровье: 50, Энергия: 90, Репродуктивный: True, Живой: True
2025-03-03 18:16:38,196 - INFO - Организм возрастом 10 поел. Энергия: 110
2025-03-03 18:16:38,196 - INFO - Возраст: 11, Здоровье: 45, Энергия: 100, Репродуктивный: True, Живой: True
2025-03-03 18:16:38,751 - INFO - Организм возрастом 10 поел. Энергия: 110
2025-03-03 18:16:38,751 - INFO - Возраст: 11, Здоровье: 45, Энергия: 100, Репродуктивный: True, Живой: True
2025-03-03 18:16:38,877 - INFO - Организм возрастом 10 поел. Энергия: 110
2025-03-03 18:16:38,877 - INFO - Возраст: 11, Здоровье: 45, Энергия: 100, Репродуктивный: True, Живой: True
2025-03-03 18:16:38,909 - INFO - Организм возрастом 11 уже полный.
2025-03-03 18:16:38,909 - INFO - Возраст: 12, Здоровье: 40, Энергия: 90, Репродуктивный: True, Живой: True
2025-03-03 18:16:39,019 - INFO - Организм возрастом 10 поел. Энергия: 110
2025-03-03 18:16:39,019 - INFO - Возраст: 11, Здоровье: 45, Энергия: 100, Репродуктивный: True, Живой: True
2025-03-03 18:16:39,208 - INFO - Организм возрастом 11 уже полный.
2025-03-03 18:16:39,208 - INFO - Возраст: 12, Здоровье: 40, Энергия: 90, Репродуктивный: True, Живой: True
2025-03-03 18:16:39,571 - INFO - Организм возрастом 11 уже полный.
2025-03-03 18:16:39,571 - INFO - Возраст: 12, Здоровье: 40, Энергия: 90, Репродуктивный: True, Живой: True
2025-03-03 18:16:39,841 - INFO - Организм возрастом 11 уже полный.
2025-03-03 18:16:39,841 - INFO - Возраст: 12, Здоровье: 40, Энергия: 90, Репродуктивный: True, Живой: True
2025-03-03 18:16:40,316 - INFO - Организм возрастом 12 поел. Энергия: 110
2025-03-03 18:16:40,316 - INFO - Возраст: 13, Здоровье: 35, Энергия: 100, Репродуктивный: True, Живой: True
2025-03-03 18:16:40,331 - INFO - Организм возрастом 11 уже полный.
2025-03-03 18:16:40,331 - INFO - Возраст: 12, Здоровье: 40, Энергия: 90, Репродуктивный: True, Живой: True
2025-03-03 18:16:40,555 - INFO - Организм возрастом 12 поел. Энергия: 110
2025-03-03 18:16:40,555 - INFO - Возраст: 13, Здоровье: 35, Энергия: 100, Репродуктивный: True, Живой: True
2025-03-03 18:16:40,839 - INFO - Организм возрастом 12 поел. Энергия: 110
2025-03-03 18:16:40,839 - INFO - Возраст: 13, Здоровье: 35, Энергия: 100, Репродуктивный: True, Живой: True
2025-03-03 18:16:41,281 - INFO - Организм возрастом 13 уже полный.
2025-03-03 18:16:41,281 - INFO - Возраст: 14, Здоровье: 30, Энергия: 90, Репродуктивный: True, Живой: True
2025-03-03 18:16:41,454 - INFO - Организм возрастом 12 поел. Энергия: 110
2025-03-03 18:16:41,454 - INFO - Возраст: 13, Здоровье: 35, Энергия: 100, Репродуктивный: True, Живой: True
2025-03-03 18:16:41,579 - INFO - Организм возрастом 12 поел. Энергия: 110
2025-03-03 18:16:41,579 - INFO - Возраст: 13, Здоровье: 35, Энергия: 100, Репродуктивный: True, Живой: True
2025-03-03 18:16:41,847 - INFO - Организм возрастом 13 уже полный.
2025-03-03 18:16:41,847 - INFO - Возраст: 14, Здоровье: 30, Энергия: 90, Репродуктивный: True, Живой: True
2025-03-03 18:16:42,163 - INFO - Организм возрастом 13 уже полный.
2025-03-03 18:16:42,163 - INFO - Возраст: 14, Здоровье: 30, Энергия: 90, Репродуктивный: True, Живой: True
2025-03-03 18:16:42,288 - INFO - Организм возрастом 13 уже полный.
2025-03-03 18:16:42,288 - INFO - Возраст: 14, Здоровье: 30, Энергия: 90, Репродуктивный: True, Живой: True
2025-03-03 18:16:42,398 - INFO - Организм возрастом 13 уже полный.
2025-03-03 18:16:42,398 - INFO - Возраст: 14, Здоровье: 30, Энергия: 90, Репродуктивный: True, Живой: True
2025-03-03 18:16:42,651 - INFO - Организм возрастом 14 поел. Энергия: 110
2025-03-03 18:16:42,651 - INFO - Возраст: 15, Здоровье: 25, Энергия: 100, Репродуктивный: True, Живой: True
2025-03-03 18:16:42,715 - INFO - Организм возрастом 14 поел. Энергия: 110
2025-03-03 18:16:42,715 - INFO - Возраст: 15, Здоровье: 25, Энергия: 100, Репродуктивный: True, Живой: True
2025-03-03 18:16:43,288 - INFO - Организм возрастом 14 поел. Энергия: 110
2025-03-03 18:16:43,288 - INFO - Возраст: 15, Здоровье: 25, Энергия: 100, Репродуктивный: True, Живой: True
2025-03-03 18:16:43,476 - INFO - Организм возрастом 14 поел. Энергия: 110
2025-03-03 18:16:43,476 - INFO - Возраст: 15, Здоровье: 25, Энергия: 100, Репродуктивный: True, Живой: True
2025-03-03 18:16:43,539 - INFO - Организм возрастом 15 уже полный.
2025-03-03 18:16:43,539 - INFO - Возраст: 16, Здоровье: 20, Энергия: 90, Репродуктивный: True, Живой: True
2025-03-03 18:16:43,952 - INFO - Организм возрастом 14 поел. Энергия: 110
2025-03-03 18:16:43,952 - INFO - Возраст: 15, Здоровье: 25, Энергия: 100, Репродуктивный: True, Живой: True
2025-03-03 18:16:44,206 - INFO - Организм возрастом 15 уже полный.
2025-03-03 18:16:44,206 - INFO - Возраст: 16, Здоровье: 20, Энергия: 90, Репродуктивный: True, Живой: True
2025-03-03 18:16:44,238 - INFO - Организм возрастом 15 уже полный.
2025-03-03 18:16:44,238 - INFO - Возраст: 16, Здоровье: 20, Энергия: 90, Репродуктивный: True, Живой: True
2025-03-03 18:16:44,665 - INFO - Организм возрастом 15 уже полный.
2025-03-03 18:16:44,665 - INFO - Возраст: 16, Здоровье: 20, Энергия: 90, Репродуктивный: True, Живой: True
2025-03-03 18:16:44,999 - INFO - Организм возрастом 15 уже полный.
2025-03-03 18:16:44,999 - INFO - Возраст: 16, Здоровье: 20, Энергия: 90, Репродуктивный: True, Живой: True
2025-03-03 18:16:45,141 - INFO - Организм возрастом 16 поел. Энергия: 110
2025-03-03 18:16:45,141 - INFO - Возраст: 17, Здоровье: 15, Энергия: 100, Репродуктивный: True, Живой: True
2025-03-03 18:16:45,237 - INFO - Организм возрастом 16 поел. Энергия: 110
2025-03-03 18:16:45,237 - INFO - Возраст: 17, Здоровье: 15, Энергия: 100, Репродуктивный: True, Живой: True
2025-03-03 18:16:45,614 - INFO - Организм возрастом 16 поел. Энергия: 110
2025-03-03 18:16:45,614 - INFO - Возраст: 17, Здоровье: 15, Энергия: 100, Репродуктивный: True, Живой: True
2025-03-03 18:16:45,630 - INFO - Организм возрастом 16 поел. Энергия: 110
2025-03-03 18:16:45,630 - INFO - Возраст: 17, Здоровье: 15, Энергия: 100, Репродуктивный: True, Живой: True
2025-03-03 18:16:45,726 - INFO - Организм возрастом 16 поел. Энергия: 110
2025-03-03 18:16:45,726 - INFO - Возраст: 17, Здоровье: 15, Энергия: 100, Репродуктивный: True, Живой: True
2025-03-03 18:16:46,488 - INFO - Организм возрастом 17 уже полный.
2025-03-03 18:16:46,488 - INFO - Возраст: 18, Здоровье: 10, Энергия: 90, Репродуктивный: True, Живой: True
2025-03-03 18:16:46,504 - INFO - Организм возрастом 17 уже полный.
2025-03-03 18:16:46,504 - INFO - Возраст: 18, Здоровье: 10, Энергия: 90, Репродуктивный: True, Живой: True
2025-03-03 18:16:46,771 - INFO - Организм возрастом 17 уже полный.
2025-03-03 18:16:46,771 - INFO - Возраст: 18, Здоровье: 10, Энергия: 90, Репродуктивный: True, Живой: True
2025-03-03 18:16:47,041 - INFO - Организм возрастом 17 уже полный.
2025-03-03 18:16:47,041 - INFO - Возраст: 18, Здоровье: 10, Энергия: 90, Репродуктивный: True, Живой: True
2025-03-03 18:16:47,308 - INFO - Организм возрастом 17 уже полный.
2025-03-03 18:16:47,308 - INFO - Возраст: 18, Здоровье: 10, Энергия: 90, Репродуктивный: True, Живой: True
2025-03-03 18:16:47,703 - INFO - Организм возрастом 18 поел. Энергия: 110
2025-03-03 18:16:47,703 - INFO - Возраст: 19, Здоровье: 5, Энергия: 100, Репродуктивный: True, Живой: True
2025-03-03 18:16:47,767 - INFO - Организм возрастом 18 поел. Энергия: 110
2025-03-03 18:16:47,767 - INFO - Возраст: 19, Здоровье: 5, Энергия: 100, Репродуктивный: True, Живой: True
2025-03-03 18:16:47,879 - INFO - Организм возрастом 18 поел. Энергия: 110
2025-03-03 18:16:47,879 - INFO - Возраст: 19, Здоровье: 5, Энергия: 100, Репродуктивный: True, Живой: True
2025-03-03 18:16:48,304 - INFO - Организм возрастом 18 поел. Энергия: 110
2025-03-03 18:16:48,304 - INFO - Возраст: 19, Здоровье: 5, Энергия: 100, Репродуктивный: True, Живой: True
2025-03-03 18:16:48,383 - INFO - Организм возрастом 18 поел. Энергия: 110
2025-03-03 18:16:48,383 - INFO - Возраст: 19, Здоровье: 5, Энергия: 100, Репродуктивный: True, Живой: True
2025-03-03 18:16:48,855 - INFO - Организм возрастом 19 уже полный.
2025-03-03 18:16:48,855 - INFO - Организм возрастом 20 умер.
2025-03-03 18:16:48,855 - INFO - Возраст: 20, Здоровье: 0, Энергия: 90, Репродуктивный: True, Живой: False
2025-03-03 18:16:48,982 - INFO - Организм возрастом 19 уже полный.
2025-03-03 18:16:48,982 - INFO - Организм возрастом 20 умер.
2025-03-03 18:16:48,982 - INFO - Возраст: 20, Здоровье: 0, Энергия: 90, Репродуктивный: True, Живой: False
2025-03-03 18:16:49,093 - INFO - Организм возрастом 19 уже полный.
2025-03-03 18:16:49,093 - INFO - Организм возрастом 20 умер.
2025-03-03 18:16:49,093 - INFO - Возраст: 20, Здоровье: 0, Энергия: 90, Репродуктивный: True, Живой: False
2025-03-03 18:16:49,765 - INFO - Организм возрастом 0 поел. Энергия: 70
2025-03-03 18:16:49,765 - INFO - Возраст: 1, Здоровье: 95, Энергия: 60, Репродуктивный: False, Живой: True
2025-03-03 18:16:49,891 - INFO - Организм возрастом 0 поел. Энергия: 70
2025-03-03 18:16:49,891 - INFO - Возраст: 1, Здоровье: 95, Энергия: 60, Репродуктивный: False, Живой: True
2025-03-03 18:16:50,191 - INFO - Организм возрастом 19 уже полный.
2025-03-03 18:16:50,191 - INFO - Организм возрастом 20 умер.
2025-03-03 18:16:50,191 - INFO - Возраст: 20, Здоровье: 0, Энергия: 90, Репродуктивный: True, Живой: False
2025-03-03 18:16:50,237 - INFO - Организм возрастом 19 уже полный.
2025-03-03 18:16:50,237 - INFO - Организм возрастом 20 умер.
2025-03-03 18:16:50,237 - INFO - Возраст: 20, Здоровье: 0, Энергия: 90, Репродуктивный: True, Живой: False
2025-03-03 18:16:50,748 - INFO - Организм возрастом 1 поел. Энергия: 80
2025-03-03 18:16:50,748 - INFO - Возраст: 2, Здоровье: 90, Энергия: 70, Репродуктивный: False, Живой: True
2025-03-03 18:16:50,937 - INFO - Организм возрастом 0 поел. Энергия: 70
2025-03-03 18:16:50,937 - INFO - Возраст: 1, Здоровье: 95, Энергия: 60, Репродуктивный: False, Живой: True
2025-03-03 18:16:51,266 - INFO - Организм возрастом 0 поел. Энергия: 70
2025-03-03 18:16:51,266 - INFO - Возраст: 1, Здоровье: 95, Энергия: 60, Репродуктивный: False, Живой: True
2025-03-03 18:16:51,393 - INFO - Организм возрастом 1 поел. Энергия: 80
2025-03-03 18:16:51,393 - INFO - Возраст: 2, Здоровье: 90, Энергия: 70, Репродуктивный: False, Живой: True
2025-03-03 18:16:51,472 - INFO - Организм возрастом 1 поел. Энергия: 80
2025-03-03 18:16:51,472 - INFO - Возраст: 2, Здоровье: 90, Энергия: 70, Репродуктивный: False, Живой: True
2025-03-03 18:16:51,836 - INFO - Организм возрастом 0 поел. Энергия: 70
2025-03-03 18:16:51,836 - INFO - Возраст: 1, Здоровье: 95, Энергия: 60, Репродуктивный: False, Живой: True
2025-03-03 18:16:52,170 - INFO - Организм возрастом 2 поел. Энергия: 90
2025-03-03 18:16:52,170 - INFO - Возраст: 3, Здоровье: 85, Энергия: 80, Репродуктивный: False, Живой: True
2025-03-03 18:16:52,186 - INFO - Организм возрастом 2 поел. Энергия: 90
2025-03-03 18:16:52,186 - INFO - Возраст: 3, Здоровье: 85, Энергия: 80, Репродуктивный: False, Живой: True
2025-03-03 18:16:52,487 - INFO - Организм возрастом 1 поел. Энергия: 80
2025-03-03 18:16:52,487 - INFO - Возраст: 2, Здоровье: 90, Энергия: 70, Репродуктивный: False, Живой: True
2025-03-03 18:16:52,503 - INFO - Организм возрастом 2 поел. Энергия: 90
2025-03-03 18:16:52,503 - INFO - Возраст: 3, Здоровье: 85, Энергия: 80, Репродуктивный: False, Живой: True
2025-03-03 18:16:52,679 - INFO - Организм возрастом 1 поел. Энергия: 80
2025-03-03 18:16:52,679 - INFO - Возраст: 2, Здоровье: 90, Энергия: 70, Репродуктивный: False, Живой: True
2025-03-03 18:16:52,947 - INFO - Организм возрастом 3 поел. Энергия: 100
2025-03-03 18:16:52,947 - INFO - Возраст: 4, Здоровье: 80, Энергия: 90, Репродуктивный: False, Живой: True
2025-03-03 18:16:53,230 - INFO - Организм возрастом 3 поел. Энергия: 100
2025-03-03 18:16:53,230 - INFO - Возраст: 4, Здоровье: 80, Энергия: 90, Репродуктивный: False, Живой: True
2025-03-03 18:16:53,452 - INFO - Организм возрастом 2 поел. Энергия: 90
2025-03-03 18:16:53,452 - INFO - Возраст: 3, Здоровье: 85, Энергия: 80, Репродуктивный: False, Живой: True
2025-03-03 18:16:53,992 - INFO - Организм возрастом 3 поел. Энергия: 100
2025-03-03 18:16:53,992 - INFO - Возраст: 4, Здоровье: 80, Энергия: 90, Репродуктивный: False, Живой: True
2025-03-03 18:16:54,390 - INFO - Организм возрастом 2 поел. Энергия: 90
2025-03-03 18:16:54,390 - INFO - Возраст: 3, Здоровье: 85, Энергия: 80, Репродуктивный: False, Живой: True
2025-03-03 18:16:54,739 - INFO - Организм возрастом 4 поел. Энергия: 110
2025-03-03 18:16:54,739 - INFO - Возраст: 5, Здоровье: 75, Энергия: 100, Репродуктивный: False, Живой: True
2025-03-03 18:16:54,866 - INFO - Организм возрастом 3 поел. Энергия: 100
2025-03-03 18:16:54,866 - INFO - Возраст: 4, Здоровье: 80, Энергия: 90, Репродуктивный: False, Живой: True
2025-03-03 18:16:54,929 - INFO - Организм возрастом 4 поел. Энергия: 110
2025-03-03 18:16:54,929 - INFO - Возраст: 5, Здоровье: 75, Энергия: 100, Репродуктивный: False, Живой: True
2025-03-03 18:16:54,977 - INFO - Организм возрастом 4 поел. Энергия: 110
2025-03-03 18:16:54,977 - INFO - Возраст: 5, Здоровье: 75, Энергия: 100, Репродуктивный: False, Живой: True
2025-03-03 18:16:55,359 - INFO - Организм возрастом 3 поел. Энергия: 100
2025-03-03 18:16:55,359 - INFO - Возраст: 4, Здоровье: 80, Энергия: 90, Репродуктивный: False, Живой: True
2025-03-03 18:16:55,515 - INFO - Организм возрастом 5 уже полный.
2025-03-03 18:16:55,515 - INFO - Организм возрастом 6 размножается.
2025-03-03 18:16:55,515 - INFO - Возраст: 6, Здоровье: 70, Энергия: 90, Репродуктивный: True, Живой: True
2025-03-03 18:16:55,989 - INFO - Организм возрастом 4 поел. Энергия: 110
2025-03-03 18:16:55,989 - INFO - Возраст: 5, Здоровье: 75, Энергия: 100, Репродуктивный: False, Живой: True
2025-03-03 18:16:56,272 - INFO - Организм возрастом 5 уже полный.
2025-03-03 18:16:56,272 - INFO - Организм возрастом 6 размножается.
2025-03-03 18:16:56,272 - INFO - Возраст: 6, Здоровье: 70, Энергия: 90, Репродуктивный: True, Живой: True
2025-03-03 18:16:56,336 - INFO - Организм возрастом 5 уже полный.
2025-03-03 18:16:56,336 - INFO - Организм возрастом 6 размножается.
2025-03-03 18:16:56,336 - INFO - Возраст: 6, Здоровье: 70, Энергия: 90, Репродуктивный: True, Живой: True
2025-03-03 18:16:56,555 - INFO - Организм возрастом 4 поел. Энергия: 110
2025-03-03 18:16:56,555 - INFO - Возраст: 5, Здоровье: 75, Энергия: 100, Репродуктивный: False, Живой: True
2025-03-03 18:16:57,343 - INFO - Организм возрастом 6 поел. Энергия: 110
2025-03-03 18:16:57,343 - INFO - Организм возрастом 7 размножается.
2025-03-03 18:16:57,343 - INFO - Возраст: 7, Здоровье: 65, Энергия: 100, Репродуктивный: True, Живой: True
2025-03-03 18:16:57,375 - INFO - Организм возрастом 6 поел. Энергия: 110
2025-03-03 18:16:57,375 - INFO - Организм возрастом 7 размножается.
2025-03-03 18:16:57,375 - INFO - Возраст: 7, Здоровье: 65, Энергия: 100, Репродуктивный: True, Живой: True
2025-03-03 18:16:57,580 - INFO - Организм возрастом 5 уже полный.
2025-03-03 18:16:57,580 - INFO - Организм возрастом 6 размножается.
2025-03-03 18:16:57,580 - INFO - Возраст: 6, Здоровье: 70, Энергия: 90, Репродуктивный: True, Живой: True
2025-03-03 18:16:58,052 - INFO - Организм возрастом 5 уже полный.
2025-03-03 18:16:58,052 - INFO - Организм возрастом 6 размножается.
2025-03-03 18:16:58,052 - INFO - Возраст: 6, Здоровье: 70, Энергия: 90, Репродуктивный: True, Живой: True
2025-03-03 18:16:58,147 - INFO - Организм возрастом 6 поел. Энергия: 110
2025-03-03 18:16:58,147 - INFO - Организм возрастом 7 размножается.
2025-03-03 18:16:58,147 - INFO - Возраст: 7, Здоровье: 65, Энергия: 100, Репродуктивный: True, Живой: True
2025-03-03 18:16:58,399 - INFO - Организм возрастом 7 уже полный.
2025-03-03 18:16:58,399 - INFO - Организм возрастом 8 размножается.
2025-03-03 18:16:58,399 - INFO - Возраст: 8, Здоровье: 60, Энергия: 90, Репродуктивный: True, Живой: True
2025-03-03 18:16:58,462 - INFO - Организм возрастом 6 поел. Энергия: 110
2025-03-03 18:16:58,462 - INFO - Организм возрастом 7 размножается.
2025-03-03 18:16:58,462 - INFO - Возраст: 7, Здоровье: 65, Энергия: 100, Репродуктивный: True, Живой: True
2025-03-03 18:16:58,664 - INFO - Организм возрастом 7 уже полный.
2025-03-03 18:16:58,664 - INFO - Организм возрастом 8 размножается.
2025-03-03 18:16:58,664 - INFO - Возраст: 8, Здоровье: 60, Энергия: 90, Репродуктивный: True, Живой: True
2025-03-03 18:16:58,946 - INFO - Организм возрастом 6 поел. Энергия: 110
2025-03-03 18:16:58,946 - INFO - Организм возрастом 7 размножается.
2025-03-03 18:16:58,946 - INFO - Возраст: 7, Здоровье: 65, Энергия: 100, Репродуктивный: True, Живой: True
2025-03-03 18:16:59,102 - INFO - Организм возрастом 8 поел. Энергия: 110
2025-03-03 18:16:59,102 - INFO - Организм возрастом 9 размножается.
2025-03-03 18:16:59,102 - INFO - Возраст: 9, Здоровье: 55, Энергия: 100, Репродуктивный: True, Живой: True
2025-03-03 18:16:59,402 - INFO - Организм возрастом 7 уже полный.
2025-03-03 18:16:59,402 - INFO - Организм возрастом 8 размножается.
2025-03-03 18:16:59,402 - INFO - Возраст: 8, Здоровье: 60, Энергия: 90, Репродуктивный: True, Живой: True
2025-03-03 18:16:59,669 - INFO - Организм возрастом 7 уже полный.
2025-03-03 18:16:59,669 - INFO - Организм возрастом 8 размножается.
2025-03-03 18:16:59,669 - INFO - Возраст: 8, Здоровье: 60, Энергия: 90, Репродуктивный: True, Живой: True
2025-03-03 18:16:59,964 - INFO - Организм возрастом 8 поел. Энергия: 110
2025-03-03 18:16:59,964 - INFO - Организм возрастом 9 размножается.
2025-03-03 18:16:59,964 - INFO - Возраст: 9, Здоровье: 55, Энергия: 100, Репродуктивный: True, Живой: True
2025-03-03 18:17:00,010 - INFO - Организм возрастом 7 уже полный.
2025-03-03 18:17:00,010 - INFO - Организм возрастом 8 размножается.
2025-03-03 18:17:00,010 - INFO - Возраст: 8, Здоровье: 60, Энергия: 90, Репродуктивный: True, Живой: True
2025-03-03 18:17:00,184 - INFO - Организм возрастом 9 уже полный.
2025-03-03 18:17:00,184 - INFO - Возраст: 10, Здоровье: 50, Энергия: 90, Репродуктивный: True, Живой: True
2025-03-03 18:17:01,144 - INFO - Организм возрастом 8 поел. Энергия: 110
2025-03-03 18:17:01,144 - INFO - Организм возрастом 9 размножается.
2025-03-03 18:17:01,144 - INFO - Возраст: 9, Здоровье: 55, Энергия: 100, Репродуктивный: True, Живой: True
2025-03-03 18:17:01,175 - INFO - Организм возрастом 9 уже полный.
2025-03-03 18:17:01,175 - INFO - Возраст: 10, Здоровье: 50, Энергия: 90, Репродуктивный: True, Живой: True
2025-03-03 18:17:01,614 - INFO - Организм возрастом 8 поел. Энергия: 110
2025-03-03 18:17:01,614 - INFO - Организм возрастом 9 размножается.
2025-03-03 18:17:01,614 - INFO - Возраст: 9, Здоровье: 55, Энергия: 100, Репродуктивный: True, Живой: True
2025-03-03 18:17:01,724 - INFO - Организм возрастом 8 поел. Энергия: 110
2025-03-03 18:17:01,724 - INFO - Организм возрастом 9 размножается.
2025-03-03 18:17:01,724 - INFO - Возраст: 9, Здоровье: 55, Энергия: 100, Репродуктивный: True, Живой: True
2025-03-03 18:17:01,913 - INFO - Организм возрастом 9 уже полный.
2025-03-03 18:17:01,913 - INFO - Возраст: 10, Здоровье: 50, Энергия: 90, Репродуктивный: True, Живой: True
2025-03-03 18:17:01,944 - INFO - Организм возрастом 10 поел. Энергия: 110
2025-03-03 18:17:01,944 - INFO - Возраст: 11, Здоровье: 45, Энергия: 100, Репродуктивный: True, Живой: True
2025-03-03 18:17:02,117 - INFO - Организм возрастом 10 поел. Энергия: 110
2025-03-03 18:17:02,117 - INFO - Возраст: 11, Здоровье: 45, Энергия: 100, Репродуктивный: True, Живой: True
2025-03-03 18:17:02,242 - INFO - Организм возрастом 9 уже полный.
2025-03-03 18:17:02,242 - INFO - Возраст: 10, Здоровье: 50, Энергия: 90, Репродуктивный: True, Живой: True
2025-03-03 18:17:02,740 - INFO - Организм возрастом 10 поел. Энергия: 110
2025-03-03 18:17:02,740 - INFO - Возраст: 11, Здоровье: 45, Энергия: 100, Репродуктивный: True, Живой: True
2025-03-03 18:17:02,866 - INFO - Организм возрастом 10 поел. Энергия: 110
2025-03-03 18:17:02,866 - INFO - Возраст: 11, Здоровье: 45, Энергия: 100, Репродуктивный: True, Живой: True
2025-03-03 18:17:03,258 - INFO - Организм возрастом 11 уже полный.
2025-03-03 18:17:03,258 - INFO - Возраст: 12, Здоровье: 40, Энергия: 90, Репродуктивный: True, Живой: True
2025-03-03 18:17:03,713 - INFO - Организм возрастом 9 уже полный.
2025-03-03 18:17:03,713 - INFO - Возраст: 10, Здоровье: 50, Энергия: 90, Репродуктивный: True, Живой: True
2025-03-03 18:17:03,902 - INFO - Организм возрастом 11 уже полный.
2025-03-03 18:17:03,902 - INFO - Возраст: 12, Здоровье: 40, Энергия: 90, Репродуктивный: True, Живой: True
2025-03-03 18:17:03,933 - INFO - Организм возрастом 11 уже полный.
2025-03-03 18:17:03,933 - INFO - Возраст: 12, Здоровье: 40, Энергия: 90, Репродуктивный: True, Живой: True
2025-03-03 18:17:04,229 - INFO - Организм возрастом 11 уже полный.
2025-03-03 18:17:04,229 - INFO - Возраст: 12, Здоровье: 40, Энергия: 90, Репродуктивный: True, Живой: True
2025-03-03 18:17:04,591 - INFO - Организм возрастом 10 поел. Энергия: 110
2025-03-03 18:17:04,591 - INFO - Возраст: 11, Здоровье: 45, Энергия: 100, Репродуктивный: True, Живой: True
2025-03-03 18:17:04,809 - INFO - Организм возрастом 12 поел. Энергия: 110
2025-03-03 18:17:04,809 - INFO - Возраст: 13, Здоровье: 35, Энергия: 100, Репродуктивный: True, Живой: True
2025-03-03 18:17:05,028 - INFO - Организм возрастом 12 поел. Энергия: 110
2025-03-03 18:17:05,028 - INFO - Возраст: 13, Здоровье: 35, Энергия: 100, Репродуктивный: True, Живой: True
2025-03-03 18:17:05,153 - INFO - Организм возрастом 12 поел. Энергия: 110
2025-03-03 18:17:05,153 - INFO - Возраст: 13, Здоровье: 35, Энергия: 100, Репродуктивный: True, Живой: True
2025-03-03 18:17:05,612 - INFO - Организм возрастом 12 поел. Энергия: 110
2025-03-03 18:17:05,612 - INFO - Возраст: 13, Здоровье: 35, Энергия: 100, Репродуктивный: True, Живой: True
2025-03-03 18:17:05,995 - INFO - Организм возрастом 11 уже полный.
2025-03-03 18:17:05,995 - INFO - Возраст: 12, Здоровье: 40, Энергия: 90, Репродуктивный: True, Живой: True
2025-03-03 18:17:06,104 - INFO - Организм возрастом 13 уже полный.
2025-03-03 18:17:06,104 - INFO - Возраст: 14, Здоровье: 30, Энергия: 90, Репродуктивный: True, Живой: True
2025-03-03 18:17:06,151 - INFO - Организм возрастом 13 уже полный.
2025-03-03 18:17:06,151 - INFO - Возраст: 14, Здоровье: 30, Энергия: 90, Репродуктивный: True, Живой: True
2025-03-03 18:17:06,625 - INFO - Организм возрастом 13 уже полный.
2025-03-03 18:17:06,625 - INFO - Возраст: 14, Здоровье: 30, Энергия: 90, Репродуктивный: True, Живой: True
2025-03-03 18:17:06,783 - INFO - Организм возрастом 13 уже полный.
2025-03-03 18:17:06,783 - INFO - Возраст: 14, Здоровье: 30, Энергия: 90, Репродуктивный: True, Живой: True
2025-03-03 18:17:07,003 - INFO - Организм возрастом 14 поел. Энергия: 110
2025-03-03 18:17:07,003 - INFO - Возраст: 15, Здоровье: 25, Энергия: 100, Репродуктивный: True, Живой: True
2025-03-03 18:17:07,253 - INFO - Организм возрастом 14 поел. Энергия: 110
2025-03-03 18:17:07,253 - INFO - Возраст: 15, Здоровье: 25, Энергия: 100, Репродуктивный: True, Живой: True
2025-03-03 18:17:07,286 - INFO - Организм возрастом 12 поел. Энергия: 110
2025-03-03 18:17:07,286 - INFO - Возраст: 13, Здоровье: 35, Энергия: 100, Репродуктивный: True, Живой: True
2025-03-03 18:31:33,856 - INFO - Вычисление факториала числа 10 с использованием многозадачности...
2025-03-03 18:31:34,025 - INFO - Процесс 2 завершил вычисление факториала для диапазона 3-4.
2025-03-03 18:31:34,030 - INFO - Процесс 1 завершил вычисление факториала для диапазона 1-2.
2025-03-03 18:31:34,035 - INFO - Процесс 3 завершил вычисление факториала для диапазона 5-6.
2025-03-03 18:31:34,046 - INFO - Процесс 4 завершил вычисление факториала для диапазона 7-10.
2025-03-03 18:31:34,056 - INFO - Факториал числа 10 вычислен. Результат: 3628800
2025-03-03 18:31:34,056 - INFO - Время выполнения: 0.20 секунд.
2025-03-04 16:51:45,535 - INFO - Организм возрастом 0 поел. Энергия: 70
2025-03-04 16:51:45,536 - INFO - Возраст: 1, Здоровье: 95, Энергия: 60, Репродуктивный: False, Живой: True
2025-03-04 16:51:45,629 - INFO - Организм возрастом 0 поел. Энергия: 70
2025-03-04 16:51:45,629 - INFO - Возраст: 1, Здоровье: 95, Энергия: 60, Репродуктивный: False, Живой: True
2025-03-04 16:51:45,676 - INFO - Организм возрастом 0 поел. Энергия: 70
2025-03-04 16:51:45,676 - INFO - Возраст: 1, Здоровье: 95, Энергия: 60, Репродуктивный: False, Живой: True
2025-03-04 16:51:46,088 - INFO - Организм возрастом 1 поел. Энергия: 80
2025-03-04 16:51:46,088 - INFO - Возраст: 2, Здоровье: 90, Энергия: 70, Репродуктивный: False, Живой: True
2025-03-04 16:51:46,168 - INFO - Организм возрастом 0 поел. Энергия: 70
2025-03-04 16:51:46,168 - INFO - Возраст: 1, Здоровье: 95, Энергия: 60, Репродуктивный: False, Живой: True
2025-03-04 16:51:46,328 - INFO - Организм возрастом 1 поел. Энергия: 80
2025-03-04 16:51:46,328 - INFO - Возраст: 2, Здоровье: 90, Энергия: 70, Репродуктивный: False, Живой: True
2025-03-04 16:51:46,530 - INFO - Организм возрастом 0 поел. Энергия: 70
2025-03-04 16:51:46,530 - INFO - Возраст: 1, Здоровье: 95, Энергия: 60, Репродуктивный: False, Живой: True
2025-03-04 16:51:46,734 - INFO - Организм возрастом 1 поел. Энергия: 80
2025-03-04 16:51:46,734 - INFO - Возраст: 2, Здоровье: 90, Энергия: 70, Репродуктивный: False, Живой: True
2025-03-04 16:51:47,080 - INFO - Организм возрастом 1 поел. Энергия: 80
2025-03-04 16:51:47,080 - INFO - Возраст: 2, Здоровье: 90, Энергия: 70, Репродуктивный: False, Живой: True
2025-03-04 16:51:47,441 - INFO - Организм возрастом 2 поел. Энергия: 90
2025-03-04 16:51:47,441 - INFO - Возраст: 3, Здоровье: 85, Энергия: 80, Репродуктивный: False, Живой: True
2025-03-04 16:51:47,660 - INFO - Организм возрастом 2 поел. Энергия: 90
2025-03-04 16:51:47,660 - INFO - Возраст: 3, Здоровье: 85, Энергия: 80, Репродуктивный: False, Живой: True
2025-03-04 16:51:47,722 - INFO - Организм возрастом 1 поел. Энергия: 80
2025-03-04 16:51:47,722 - INFO - Возраст: 2, Здоровье: 90, Энергия: 70, Репродуктивный: False, Живой: True
2025-03-04 16:51:48,179 - INFO - Организм возрастом 2 поел. Энергия: 90
2025-03-04 16:51:48,179 - INFO - Возраст: 3, Здоровье: 85, Энергия: 80, Репродуктивный: False, Живой: True
2025-03-04 16:51:48,365 - INFO - Организм возрастом 2 поел. Энергия: 90
2025-03-04 16:51:48,365 - INFO - Возраст: 3, Здоровье: 85, Энергия: 80, Репродуктивный: False, Живой: True
2025-03-04 16:51:48,776 - INFO - Организм возрастом 2 поел. Энергия: 90
2025-03-04 16:51:48,776 - INFO - Возраст: 3, Здоровье: 85, Энергия: 80, Репродуктивный: False, Живой: True
2025-03-04 16:51:49,215 - INFO - Организм возрастом 3 поел. Энергия: 100
2025-03-04 16:51:49,215 - INFO - Возраст: 4, Здоровье: 80, Энергия: 90, Репродуктивный: False, Живой: True
2025-03-04 16:51:49,448 - INFO - Организм возрастом 3 поел. Энергия: 100
2025-03-04 16:51:49,448 - INFO - Возраст: 4, Здоровье: 80, Энергия: 90, Репродуктивный: False, Живой: True
2025-03-04 16:51:55,767 - INFO - Организм возрастом 0 поел. Энергия: 70
2025-03-04 16:51:55,767 - INFO - Возраст: 1, Здоровье: 95, Энергия: 60, Репродуктивный: False, Живой: True
2025-03-04 16:51:56,129 - INFO - Организм возрастом 0 поел. Энергия: 70
2025-03-04 16:51:56,129 - INFO - Возраст: 1, Здоровье: 95, Энергия: 60, Репродуктивный: False, Живой: True
2025-03-04 16:51:56,286 - INFO - Организм возрастом 0 поел. Энергия: 70
2025-03-04 16:51:56,286 - INFO - Возраст: 1, Здоровье: 95, Энергия: 60, Репродуктивный: False, Живой: True
2025-03-04 16:51:56,673 - INFO - Организм возрастом 1 поел. Энергия: 80
2025-03-04 16:51:56,673 - INFO - Возраст: 2, Здоровье: 90, Энергия: 70, Репродуктивный: False, Живой: True
2025-03-04 16:51:56,753 - INFO - Организм возрастом 0 поел. Энергия: 70
2025-03-04 16:51:56,753 - INFO - Возраст: 1, Здоровье: 95, Энергия: 60, Репродуктивный: False, Живой: True
2025-03-04 16:51:57,118 - INFO - Организм возрастом 0 поел. Энергия: 70
2025-03-04 16:51:57,118 - INFO - Возраст: 1, Здоровье: 95, Энергия: 60, Репродуктивный: False, Живой: True
2025-03-04 16:51:57,696 - INFO - Организм возрастом 1 поел. Энергия: 80
2025-03-04 16:51:57,696 - INFO - Возраст: 2, Здоровье: 90, Энергия: 70, Репродуктивный: False, Живой: True
2025-03-04 16:51:57,727 - INFO - Организм возрастом 1 поел. Энергия: 80
2025-03-04 16:51:57,727 - INFO - Возраст: 2, Здоровье: 90, Энергия: 70, Репродуктивный: False, Живой: True
2025-03-04 16:51:58,352 - INFO - Организм возрастом 2 поел. Энергия: 90
2025-03-04 16:51:58,352 - INFO - Возраст: 3, Здоровье: 85, Энергия: 80, Репродуктивный: False, Живой: True
2025-03-04 16:51:58,528 - INFO - Организм возрастом 1 поел. Энергия: 80
2025-03-04 16:51:58,528 - INFO - Возраст: 2, Здоровье: 90, Энергия: 70, Репродуктивный: False, Живой: True
2025-03-04 16:51:58,544 - INFO - Организм возрастом 1 поел. Энергия: 80
2025-03-04 16:51:58,544 - INFO - Возраст: 2, Здоровье: 90, Энергия: 70, Репродуктивный: False, Живой: True
